<html>
<head>
<title>TestNG:  CalculatorTest</title>
<link href="../testng.css" rel="stylesheet" type="text/css" />
<link href="../my-testng.css" rel="stylesheet" type="text/css" />

<style type="text/css">
.log { display: none;} 
.stack-trace { display: none;} 
</style>
<script type="text/javascript">
<!--
function flip(e) {
  current = e.style.display;
  if (current == 'block') {
    e.style.display = 'none';
    return 0;
  }
  else {
    e.style.display = 'block';
    return 1;
  }
}

function toggleBox(szDivId, elem, msg1, msg2)
{
  var res = -1;  if (document.getElementById) {
    res = flip(document.getElementById(szDivId));
  }
  else if (document.all) {
    // this is the way old msie versions work
    res = flip(document.all[szDivId]);
  }
  if(elem) {
    if(res == 0) elem.innerHTML = msg1; else elem.innerHTML = msg2;
  }

}

function toggleAllBoxes() {
  if (document.getElementsByTagName) {
    d = document.getElementsByTagName('div');
    for (i = 0; i < d.length; i++) {
      if (d[i].className == 'log') {
        flip(d[i]);
      }
    }
  }
}

// -->
</script>

</head>
<body>
<h2 align='center'>CalculatorTest</h2><table border='1' align="center">
<tr>
<td>Tests passed/Failed/Skipped:</td><td>23/3/5</td>
</tr><tr>
<td>Started on:</td><td>Sun Jan 22 13:40:52 MSK 2017</td>
</tr>
<tr><td>Total time:</td><td>16 seconds (16041 ms)</td>
</tr><tr>
<td>Included groups:</td><td>negative positive </td>
</tr><tr>
<td>Excluded groups:</td><td></td>
</tr>
</table><p/>
<small><i>(Hover the method name to see the test class name)</i></small><p/>
<table width='100%' border='1' class='invocation-failed'>
<tr><td colspan='4' align='center'><b>FAILED TESTS</b></td></tr>
<tr><td><b>Test method</b></td>
<td width="30%"><b>Exception</b></td>
<td width="10%"><b>Time (seconds)</b></td>
<td><b>Instance</b></td>
</tr>
<tr>
<td title='com.epam.atm.testng.tests.CalculatorTest.testMultiply()'><b>testMultiply</b><br>Test class: com.epam.atm.testng.tests.CalculatorTest<br>Test method: result of multiply 0.21 by 8 is equal to 1.68</td>
<td><div><pre>java.lang.AssertionError: expected [1.68] but found [1.0]
	at com.epam.atm.testng.tests.CalculatorTest.testMultiply(CalculatorTest.java:95)
	at java.util.concurrent.ThreadPoolExecutor.runWorker(ThreadPoolExecutor.java:1142)
	at java.util.concurrent.ThreadPoolExecutor$Worker.run(ThreadPoolExecutor.java:617)
	at java.lang.Thread.run(Thread.java:745)
... Removed 14 stack frames</pre></div><a href='#' onClick='toggleBox("stack-trace606250877", this, "Click to show all stack frames", "Click to hide stack frames")'>Click to show all stack frames</a>
<div class='stack-trace' id='stack-trace606250877'><pre>java.lang.AssertionError: expected [1.68] but found [1.0]
	at org.testng.Assert.fail(Assert.java:94)
	at org.testng.Assert.failNotEquals(Assert.java:496)
	at org.testng.Assert.assertEquals(Assert.java:125)
	at org.testng.Assert.assertEquals(Assert.java:167)
	at com.epam.atm.testng.tests.CalculatorTest.testMultiply(CalculatorTest.java:95)
	at sun.reflect.NativeMethodAccessorImpl.invoke0(Native Method)
	at sun.reflect.NativeMethodAccessorImpl.invoke(NativeMethodAccessorImpl.java:62)
	at sun.reflect.DelegatingMethodAccessorImpl.invoke(DelegatingMethodAccessorImpl.java:43)
	at java.lang.reflect.Method.invoke(Method.java:497)
	at org.testng.internal.MethodInvocationHelper.invokeMethod(MethodInvocationHelper.java:85)
	at org.testng.internal.Invoker.invokeMethod(Invoker.java:639)
	at org.testng.internal.Invoker.invokeTestMethod(Invoker.java:816)
	at org.testng.internal.Invoker.invokeTestMethods(Invoker.java:1124)
	at org.testng.internal.TestMethodWorker.invokeTestMethods(TestMethodWorker.java:125)
	at org.testng.internal.TestMethodWorker.run(TestMethodWorker.java:108)
	at java.util.concurrent.ThreadPoolExecutor.runWorker(ThreadPoolExecutor.java:1142)
	at java.util.concurrent.ThreadPoolExecutor$Worker.run(ThreadPoolExecutor.java:617)
	at java.lang.Thread.run(Thread.java:745)
</pre></div></td>
<td>0</td>
<td>com.epam.atm.testng.tests.CalculatorTest@68fb2c38</td></tr>
<tr>
<td title='com.epam.atm.testng.tests.CalculatorTest.testSum()'><b>testSum</b><br>Test class: com.epam.atm.testng.tests.CalculatorTest<br>Test method: testing sum method<br>Parameters: 1.6, 2.2, 3.8</td>
<td><div><pre>java.lang.AssertionError: expected [3.8] but found [3.8000000000000003]
	at com.epam.atm.testng.tests.CalculatorTest.testSum(CalculatorTest.java:36)
	at java.util.concurrent.ThreadPoolExecutor.runWorker(ThreadPoolExecutor.java:1142)
	at java.util.concurrent.ThreadPoolExecutor$Worker.run(ThreadPoolExecutor.java:617)
	at java.lang.Thread.run(Thread.java:745)
... Removed 14 stack frames</pre></div><a href='#' onClick='toggleBox("stack-trace1648823948", this, "Click to show all stack frames", "Click to hide stack frames")'>Click to show all stack frames</a>
<div class='stack-trace' id='stack-trace1648823948'><pre>java.lang.AssertionError: expected [3.8] but found [3.8000000000000003]
	at org.testng.Assert.fail(Assert.java:94)
	at org.testng.Assert.failNotEquals(Assert.java:496)
	at org.testng.Assert.assertEquals(Assert.java:125)
	at org.testng.Assert.assertEquals(Assert.java:167)
	at com.epam.atm.testng.tests.CalculatorTest.testSum(CalculatorTest.java:36)
	at sun.reflect.NativeMethodAccessorImpl.invoke0(Native Method)
	at sun.reflect.NativeMethodAccessorImpl.invoke(NativeMethodAccessorImpl.java:62)
	at sun.reflect.DelegatingMethodAccessorImpl.invoke(DelegatingMethodAccessorImpl.java:43)
	at java.lang.reflect.Method.invoke(Method.java:497)
	at org.testng.internal.MethodInvocationHelper.invokeMethod(MethodInvocationHelper.java:85)
	at org.testng.internal.Invoker.invokeMethod(Invoker.java:639)
	at org.testng.internal.Invoker.invokeTestMethod(Invoker.java:816)
	at org.testng.internal.Invoker.invokeTestMethods(Invoker.java:1124)
	at org.testng.internal.TestMethodWorker.invokeTestMethods(TestMethodWorker.java:125)
	at org.testng.internal.TestMethodWorker.run(TestMethodWorker.java:108)
	at java.util.concurrent.ThreadPoolExecutor.runWorker(ThreadPoolExecutor.java:1142)
	at java.util.concurrent.ThreadPoolExecutor$Worker.run(ThreadPoolExecutor.java:617)
	at java.lang.Thread.run(Thread.java:745)
</pre></div></td>
<td>0</td>
<td>com.epam.atm.testng.tests.CalculatorTest@68fb2c38</td></tr>
<tr>
<td title='com.epam.atm.testng.tests.CalculatorTest.testSum()'><b>testSum</b><br>Test class: com.epam.atm.testng.tests.CalculatorTest<br>Test method: testing sum method<br>Parameters: -0.89, 1.65, 0.76</td>
<td><div><pre>java.lang.AssertionError: expected [0.76] but found [0.7599999999999999]
	at com.epam.atm.testng.tests.CalculatorTest.testSum(CalculatorTest.java:36)
	at java.util.concurrent.ThreadPoolExecutor.runWorker(ThreadPoolExecutor.java:1142)
	at java.util.concurrent.ThreadPoolExecutor$Worker.run(ThreadPoolExecutor.java:617)
	at java.lang.Thread.run(Thread.java:745)
... Removed 14 stack frames</pre></div><a href='#' onClick='toggleBox("stack-trace657022344", this, "Click to show all stack frames", "Click to hide stack frames")'>Click to show all stack frames</a>
<div class='stack-trace' id='stack-trace657022344'><pre>java.lang.AssertionError: expected [0.76] but found [0.7599999999999999]
	at org.testng.Assert.fail(Assert.java:94)
	at org.testng.Assert.failNotEquals(Assert.java:496)
	at org.testng.Assert.assertEquals(Assert.java:125)
	at org.testng.Assert.assertEquals(Assert.java:167)
	at com.epam.atm.testng.tests.CalculatorTest.testSum(CalculatorTest.java:36)
	at sun.reflect.NativeMethodAccessorImpl.invoke0(Native Method)
	at sun.reflect.NativeMethodAccessorImpl.invoke(NativeMethodAccessorImpl.java:62)
	at sun.reflect.DelegatingMethodAccessorImpl.invoke(DelegatingMethodAccessorImpl.java:43)
	at java.lang.reflect.Method.invoke(Method.java:497)
	at org.testng.internal.MethodInvocationHelper.invokeMethod(MethodInvocationHelper.java:85)
	at org.testng.internal.Invoker.invokeMethod(Invoker.java:639)
	at org.testng.internal.Invoker.invokeTestMethod(Invoker.java:816)
	at org.testng.internal.Invoker.invokeTestMethods(Invoker.java:1124)
	at org.testng.internal.TestMethodWorker.invokeTestMethods(TestMethodWorker.java:125)
	at org.testng.internal.TestMethodWorker.run(TestMethodWorker.java:108)
	at java.util.concurrent.ThreadPoolExecutor.runWorker(ThreadPoolExecutor.java:1142)
	at java.util.concurrent.ThreadPoolExecutor$Worker.run(ThreadPoolExecutor.java:617)
	at java.lang.Thread.run(Thread.java:745)
</pre></div></td>
<td>0</td>
<td>com.epam.atm.testng.tests.CalculatorTest@68fb2c38</td></tr>
</table><p>
<table width='100%' border='1' class='invocation-passed'>
<tr><td colspan='4' align='center'><b>PASSED TESTS</b></td></tr>
<tr><td><b>Test method</b></td>
<td width="30%"><b>Exception</b></td>
<td width="10%"><b>Time (seconds)</b></td>
<td><b>Instance</b></td>
</tr>
<tr>
<td title='com.epam.atm.testng.tests.CalculatorTest.testDivision()'><b>testDivision</b><br>Test class: com.epam.atm.testng.tests.CalculatorTest<br>Test method: result of division 14 by 5 is equal to 2.8</td>
<td></td>
<td>0</td>
<td>com.epam.atm.testng.tests.CalculatorTest@68fb2c38</td></tr>
<tr>
<td title='com.epam.atm.testng.tests.CalculatorTest.testDivisionByZero()'><b>testDivisionByZero</b><br>Test class: com.epam.atm.testng.tests.CalculatorTest<br>Test method: result of division by 0 throw Exception</td>
<td><div><pre>java.lang.NumberFormatException: Attempt to divide by zero
	at com.epam.tat.module4.Calculator.div(Calculator.java:34)
	at com.epam.atm.testng.tests.CalculatorTest.testDivisionByZero(CalculatorTest.java:59)
	at java.util.concurrent.ThreadPoolExecutor.runWorker(ThreadPoolExecutor.java:1142)
	at java.util.concurrent.ThreadPoolExecutor$Worker.run(ThreadPoolExecutor.java:617)
	at java.lang.Thread.run(Thread.java:745)
... Removed 10 stack frames</pre></div><a href='#' onClick='toggleBox("stack-trace470318957", this, "Click to show all stack frames", "Click to hide stack frames")'>Click to show all stack frames</a>
<div class='stack-trace' id='stack-trace470318957'><pre>java.lang.NumberFormatException: Attempt to divide by zero
	at com.epam.tat.module4.Calculator.div(Calculator.java:34)
	at com.epam.atm.testng.tests.CalculatorTest.testDivisionByZero(CalculatorTest.java:59)
	at sun.reflect.NativeMethodAccessorImpl.invoke0(Native Method)
	at sun.reflect.NativeMethodAccessorImpl.invoke(NativeMethodAccessorImpl.java:62)
	at sun.reflect.DelegatingMethodAccessorImpl.invoke(DelegatingMethodAccessorImpl.java:43)
	at java.lang.reflect.Method.invoke(Method.java:497)
	at org.testng.internal.MethodInvocationHelper.invokeMethod(MethodInvocationHelper.java:85)
	at org.testng.internal.Invoker.invokeMethod(Invoker.java:639)
	at org.testng.internal.Invoker.invokeTestMethod(Invoker.java:816)
	at org.testng.internal.Invoker.invokeTestMethods(Invoker.java:1124)
	at org.testng.internal.TestMethodWorker.invokeTestMethods(TestMethodWorker.java:125)
	at org.testng.internal.TestMethodWorker.run(TestMethodWorker.java:108)
	at java.util.concurrent.ThreadPoolExecutor.runWorker(ThreadPoolExecutor.java:1142)
	at java.util.concurrent.ThreadPoolExecutor$Worker.run(ThreadPoolExecutor.java:617)
	at java.lang.Thread.run(Thread.java:745)
</pre></div></td>
<td>0</td>
<td>com.epam.atm.testng.tests.CalculatorTest@68fb2c38</td></tr>
<tr>
<td title='com.epam.atm.testng.tests.CalculatorTest.testDivisionWithZero()'><b>testDivisionWithZero</b><br>Test class: com.epam.atm.testng.tests.CalculatorTest<br>Test method: result of division 0 by 18.56 is equal to 0</td>
<td></td>
<td>0</td>
<td>com.epam.atm.testng.tests.CalculatorTest@68fb2c38</td></tr>
<tr>
<td title='com.epam.atm.testng.tests.CalculatorTest.testIsNegative()'><b>testIsNegative</b><br>Test class: com.epam.atm.testng.tests.CalculatorTest<br>Test method: negative value is negative</td>
<td></td>
<td>0</td>
<td>com.epam.atm.testng.tests.CalculatorTest@68fb2c38</td></tr>
<tr>
<td title='com.epam.atm.testng.tests.CalculatorTest.testIsPositive()'><b>testIsPositive</b><br>Test class: com.epam.atm.testng.tests.CalculatorTest<br>Test method: positive value is positive</td>
<td></td>
<td>0</td>
<td>com.epam.atm.testng.tests.CalculatorTest@68fb2c38</td></tr>
<tr>
<td title='com.epam.atm.testng.tests.CalculatorTest.testMultiplyByZero()'><b>testMultiplyByZero</b><br>Test class: com.epam.atm.testng.tests.CalculatorTest<br>Test method: result of multiply 9.99 by 0 is equal to 0.0</td>
<td></td>
<td>0</td>
<td>com.epam.atm.testng.tests.CalculatorTest@68fb2c38</td></tr>
<tr>
<td title='com.epam.atm.testng.tests.CalculatorTest.testMultiplyWithZero()'><b>testMultiplyWithZero</b><br>Test class: com.epam.atm.testng.tests.CalculatorTest<br>Test method: result of multiply 0 by 12.56 is equal to 0.0</td>
<td></td>
<td>0</td>
<td>com.epam.atm.testng.tests.CalculatorTest@68fb2c38</td></tr>
<tr>
<td title='com.epam.atm.testng.tests.CalculatorTest.testPOW()'><b>testPOW</b><br>Test class: com.epam.atm.testng.tests.CalculatorTest<br>Test method: pow of 2 in 4 tier is equal to 16</td>
<td></td>
<td>0</td>
<td>com.epam.atm.testng.tests.CalculatorTest@68fb2c38</td></tr>
<tr>
<td title='com.epam.atm.testng.tests.CalculatorTest.testSQRT()'><b>testSQRT</b><br>Test class: com.epam.atm.testng.tests.CalculatorTest<br>Test method: sqrt of 4 is equal to 16</td>
<td></td>
<td>0</td>
<td>com.epam.atm.testng.tests.CalculatorTest@68fb2c38</td></tr>
<tr>
<td title='com.epam.atm.testng.tests.CalculatorTest.testSQRTZero()'><b>testSQRTZero</b><br>Test class: com.epam.atm.testng.tests.CalculatorTest<br>Test method: sqrt of 0 is equal to 0</td>
<td></td>
<td>0</td>
<td>com.epam.atm.testng.tests.CalculatorTest@68fb2c38</td></tr>
<tr>
<td title='com.epam.atm.testng.tests.CalculatorTest.testSubtraction()'><b>testSubtraction</b><br>Test class: com.epam.atm.testng.tests.CalculatorTest<br>Test method: result of subtraction 11 from 13 is equal to 2</td>
<td></td>
<td>0</td>
<td>com.epam.atm.testng.tests.CalculatorTest@68fb2c38</td></tr>
<tr>
<td title='com.epam.atm.testng.tests.CalculatorTest.testSubtractionWithZero()'><b>testSubtractionWithZero</b><br>Test class: com.epam.atm.testng.tests.CalculatorTest<br>Test method: result of subtraction 0 from 2.22 is equal to 2.22</td>
<td></td>
<td>0</td>
<td>com.epam.atm.testng.tests.CalculatorTest@68fb2c38</td></tr>
<tr>
<td title='com.epam.atm.testng.tests.CalculatorTest.testSum()'><b>testSum</b><br>Test class: com.epam.atm.testng.tests.CalculatorTest<br>Test method: testing sum method<br>Parameters: 5.0, 3.0, 8.0</td>
<td></td>
<td>0</td>
<td>com.epam.atm.testng.tests.CalculatorTest@68fb2c38</td></tr>
<tr>
<td title='com.epam.atm.testng.tests.CalculatorTest.testSum()'><b>testSum</b><br>Test class: com.epam.atm.testng.tests.CalculatorTest<br>Test method: testing sum method<br>Parameters: 0.234, 3.467, 3.701</td>
<td></td>
<td>0</td>
<td>com.epam.atm.testng.tests.CalculatorTest@68fb2c38</td></tr>
<tr>
<td title='com.epam.atm.testng.tests.CalculatorTest.testSum()'><b>testSum</b><br>Test class: com.epam.atm.testng.tests.CalculatorTest<br>Test method: testing sum method<br>Parameters: -0.34, -0.75, -1.09</td>
<td></td>
<td>0</td>
<td>com.epam.atm.testng.tests.CalculatorTest@68fb2c38</td></tr>
<tr>
<td title='com.epam.atm.testng.tests.CalculatorTest.testSum()'><b>testSum</b><br>Test class: com.epam.atm.testng.tests.CalculatorTest<br>Test method: testing sum method<br>Parameters: 4.83, -15.21, -10.38</td>
<td></td>
<td>0</td>
<td>com.epam.atm.testng.tests.CalculatorTest@68fb2c38</td></tr>
<tr>
<td title='com.epam.atm.testng.tests.CalculatorTest.testSum()'><b>testSum</b><br>Test class: com.epam.atm.testng.tests.CalculatorTest<br>Test method: testing sum method<br>Parameters: 0, 3.48, 3.48</td>
<td></td>
<td>0</td>
<td>com.epam.atm.testng.tests.CalculatorTest@68fb2c38</td></tr>
<tr>
<td title='com.epam.atm.testng.tests.CalculatorTest.testSum()'><b>testSum</b><br>Test class: com.epam.atm.testng.tests.CalculatorTest<br>Test method: testing sum method<br>Parameters: 0, -234.9, -234.9</td>
<td></td>
<td>0</td>
<td>com.epam.atm.testng.tests.CalculatorTest@68fb2c38</td></tr>
<tr>
<td title='com.epam.atm.testng.tests.CalculatorTest.testSum()'><b>testSum</b><br>Test class: com.epam.atm.testng.tests.CalculatorTest<br>Test method: testing sum method<br>Parameters: 67.86, 0, 67.86</td>
<td></td>
<td>0</td>
<td>com.epam.atm.testng.tests.CalculatorTest@68fb2c38</td></tr>
<tr>
<td title='com.epam.atm.testng.tests.CalculatorTest.testSum()'><b>testSum</b><br>Test class: com.epam.atm.testng.tests.CalculatorTest<br>Test method: testing sum method<br>Parameters: -45.37, 0, -45.37</td>
<td></td>
<td>0</td>
<td>com.epam.atm.testng.tests.CalculatorTest@68fb2c38</td></tr>
<tr>
<td title='com.epam.atm.testng.tests.CalculatorTest.testSumWithZero()'><b>testSumWithZero</b><br>Test class: com.epam.atm.testng.tests.CalculatorTest<br>Test method: sum of 0 and 3.14 is equal to 3.14</td>
<td></td>
<td>0</td>
<td>com.epam.atm.testng.tests.CalculatorTest@68fb2c38</td></tr>
<tr>
<td title='com.epam.atm.testng.tests.CalculatorTest.testZeroPOW()'><b>testZeroPOW</b><br>Test class: com.epam.atm.testng.tests.CalculatorTest<br>Test method: pow of 2 in 0 tier is equal to 1</td>
<td></td>
<td>0</td>
<td>com.epam.atm.testng.tests.CalculatorTest@68fb2c38</td></tr>
<tr>
<td title='com.epam.atm.testng.tests.CalculatorTest.testZeroValuePOW()'><b>testZeroValuePOW</b><br>Test class: com.epam.atm.testng.tests.CalculatorTest<br>Test method: pow of 0 in 3 tier is equal to 1</td>
<td></td>
<td>0</td>
<td>com.epam.atm.testng.tests.CalculatorTest@68fb2c38</td></tr>
</table><p>
<table width='100%' border='1' class='invocation-skipped'>
<tr><td colspan='4' align='center'><b>SKIPPED TESTS</b></td></tr>
<tr><td><b>Test method</b></td>
<td width="30%"><b>Exception</b></td>
<td width="10%"><b>Time (seconds)</b></td>
<td><b>Instance</b></td>
</tr>
<tr>
<td title='com.epam.atm.testng.tests.CalculatorTest.testBothZeroPOW()'><b>testBothZeroPOW</b><br>Test class: com.epam.atm.testng.tests.CalculatorTest<br>Test method: pow of 0 in 0 tier is not equal to 0</td>
<td><div><pre>java.lang.Throwable: Method CalculatorTest.testBothZeroPOW()[pri:0, instance:com.epam.atm.testng.tests.CalculatorTest@68fb2c38] depends on not successfully finished methods in group &quot;positive&quot;
	at java.util.concurrent.ThreadPoolExecutor.runWorker(ThreadPoolExecutor.java:1142)
	at java.util.concurrent.ThreadPoolExecutor$Worker.run(ThreadPoolExecutor.java:617)
	at java.lang.Thread.run(Thread.java:745)
... Removed 3 stack frames</pre></div><a href='#' onClick='toggleBox("stack-trace554141502", this, "Click to show all stack frames", "Click to hide stack frames")'>Click to show all stack frames</a>
<div class='stack-trace' id='stack-trace554141502'><pre>java.lang.Throwable: Method CalculatorTest.testBothZeroPOW()[pri:0, instance:com.epam.atm.testng.tests.CalculatorTest@68fb2c38] depends on not successfully finished methods in group &quot;positive&quot;
	at org.testng.internal.Invoker.invokeTestMethods(Invoker.java:1033)
	at org.testng.internal.TestMethodWorker.invokeTestMethods(TestMethodWorker.java:125)
	at org.testng.internal.TestMethodWorker.run(TestMethodWorker.java:108)
	at java.util.concurrent.ThreadPoolExecutor.runWorker(ThreadPoolExecutor.java:1142)
	at java.util.concurrent.ThreadPoolExecutor$Worker.run(ThreadPoolExecutor.java:617)
	at java.lang.Thread.run(Thread.java:745)
</pre></div></td>
<td>0</td>
<td>null</td></tr>
<tr>
<td title='com.epam.atm.testng.tests.CalculatorTest.testIsNotNegative()'><b>testIsNotNegative</b><br>Test class: com.epam.atm.testng.tests.CalculatorTest<br>Test method: positive value is not negative</td>
<td><div><pre>java.lang.Throwable: Method CalculatorTest.testIsNotNegative()[pri:0, instance:com.epam.atm.testng.tests.CalculatorTest@68fb2c38] depends on not successfully finished methods in group &quot;positive&quot;
	at java.util.concurrent.ThreadPoolExecutor.runWorker(ThreadPoolExecutor.java:1142)
	at java.util.concurrent.ThreadPoolExecutor$Worker.run(ThreadPoolExecutor.java:617)
	at java.lang.Thread.run(Thread.java:745)
... Removed 3 stack frames</pre></div><a href='#' onClick='toggleBox("stack-trace988131789", this, "Click to show all stack frames", "Click to hide stack frames")'>Click to show all stack frames</a>
<div class='stack-trace' id='stack-trace988131789'><pre>java.lang.Throwable: Method CalculatorTest.testIsNotNegative()[pri:0, instance:com.epam.atm.testng.tests.CalculatorTest@68fb2c38] depends on not successfully finished methods in group &quot;positive&quot;
	at org.testng.internal.Invoker.invokeTestMethods(Invoker.java:1033)
	at org.testng.internal.TestMethodWorker.invokeTestMethods(TestMethodWorker.java:125)
	at org.testng.internal.TestMethodWorker.run(TestMethodWorker.java:108)
	at java.util.concurrent.ThreadPoolExecutor.runWorker(ThreadPoolExecutor.java:1142)
	at java.util.concurrent.ThreadPoolExecutor$Worker.run(ThreadPoolExecutor.java:617)
	at java.lang.Thread.run(Thread.java:745)
</pre></div></td>
<td>0</td>
<td>null</td></tr>
<tr>
<td title='com.epam.atm.testng.tests.CalculatorTest.testIsNotPositive()'><b>testIsNotPositive</b><br>Test class: com.epam.atm.testng.tests.CalculatorTest<br>Test method: negative value is not positive</td>
<td><div><pre>java.lang.Throwable: Method CalculatorTest.testIsNotPositive()[pri:0, instance:com.epam.atm.testng.tests.CalculatorTest@68fb2c38] depends on not successfully finished methods in group &quot;positive&quot;
	at java.util.concurrent.ThreadPoolExecutor.runWorker(ThreadPoolExecutor.java:1142)
	at java.util.concurrent.ThreadPoolExecutor$Worker.run(ThreadPoolExecutor.java:617)
	at java.lang.Thread.run(Thread.java:745)
... Removed 3 stack frames</pre></div><a href='#' onClick='toggleBox("stack-trace1467423414", this, "Click to show all stack frames", "Click to hide stack frames")'>Click to show all stack frames</a>
<div class='stack-trace' id='stack-trace1467423414'><pre>java.lang.Throwable: Method CalculatorTest.testIsNotPositive()[pri:0, instance:com.epam.atm.testng.tests.CalculatorTest@68fb2c38] depends on not successfully finished methods in group &quot;positive&quot;
	at org.testng.internal.Invoker.invokeTestMethods(Invoker.java:1033)
	at org.testng.internal.TestMethodWorker.invokeTestMethods(TestMethodWorker.java:125)
	at org.testng.internal.TestMethodWorker.run(TestMethodWorker.java:108)
	at java.util.concurrent.ThreadPoolExecutor.runWorker(ThreadPoolExecutor.java:1142)
	at java.util.concurrent.ThreadPoolExecutor$Worker.run(ThreadPoolExecutor.java:617)
	at java.lang.Thread.run(Thread.java:745)
</pre></div></td>
<td>0</td>
<td>null</td></tr>
<tr>
<td title='com.epam.atm.testng.tests.CalculatorTest.testZeroIsNotNegative()'><b>testZeroIsNotNegative</b><br>Test class: com.epam.atm.testng.tests.CalculatorTest<br>Test method: zero is not negative</td>
<td><div><pre>java.lang.Throwable: Method CalculatorTest.testZeroIsNotNegative()[pri:0, instance:com.epam.atm.testng.tests.CalculatorTest@68fb2c38] depends on not successfully finished methods in group &quot;positive&quot;
	at java.util.concurrent.ThreadPoolExecutor.runWorker(ThreadPoolExecutor.java:1142)
	at java.util.concurrent.ThreadPoolExecutor$Worker.run(ThreadPoolExecutor.java:617)
	at java.lang.Thread.run(Thread.java:745)
... Removed 3 stack frames</pre></div><a href='#' onClick='toggleBox("stack-trace2011606170", this, "Click to show all stack frames", "Click to hide stack frames")'>Click to show all stack frames</a>
<div class='stack-trace' id='stack-trace2011606170'><pre>java.lang.Throwable: Method CalculatorTest.testZeroIsNotNegative()[pri:0, instance:com.epam.atm.testng.tests.CalculatorTest@68fb2c38] depends on not successfully finished methods in group &quot;positive&quot;
	at org.testng.internal.Invoker.invokeTestMethods(Invoker.java:1033)
	at org.testng.internal.TestMethodWorker.invokeTestMethods(TestMethodWorker.java:125)
	at org.testng.internal.TestMethodWorker.run(TestMethodWorker.java:108)
	at java.util.concurrent.ThreadPoolExecutor.runWorker(ThreadPoolExecutor.java:1142)
	at java.util.concurrent.ThreadPoolExecutor$Worker.run(ThreadPoolExecutor.java:617)
	at java.lang.Thread.run(Thread.java:745)
</pre></div></td>
<td>0</td>
<td>null</td></tr>
<tr>
<td title='com.epam.atm.testng.tests.CalculatorTest.testZeroIsNotPositive()'><b>testZeroIsNotPositive</b><br>Test class: com.epam.atm.testng.tests.CalculatorTest<br>Test method: zero value is not positive</td>
<td><div><pre>java.lang.Throwable: Method CalculatorTest.testZeroIsNotPositive()[pri:0, instance:com.epam.atm.testng.tests.CalculatorTest@68fb2c38] depends on not successfully finished methods in group &quot;positive&quot;
	at java.util.concurrent.ThreadPoolExecutor.runWorker(ThreadPoolExecutor.java:1142)
	at java.util.concurrent.ThreadPoolExecutor$Worker.run(ThreadPoolExecutor.java:617)
	at java.lang.Thread.run(Thread.java:745)
... Removed 3 stack frames</pre></div><a href='#' onClick='toggleBox("stack-trace1673368666", this, "Click to show all stack frames", "Click to hide stack frames")'>Click to show all stack frames</a>
<div class='stack-trace' id='stack-trace1673368666'><pre>java.lang.Throwable: Method CalculatorTest.testZeroIsNotPositive()[pri:0, instance:com.epam.atm.testng.tests.CalculatorTest@68fb2c38] depends on not successfully finished methods in group &quot;positive&quot;
	at org.testng.internal.Invoker.invokeTestMethods(Invoker.java:1033)
	at org.testng.internal.TestMethodWorker.invokeTestMethods(TestMethodWorker.java:125)
	at org.testng.internal.TestMethodWorker.run(TestMethodWorker.java:108)
	at java.util.concurrent.ThreadPoolExecutor.runWorker(ThreadPoolExecutor.java:1142)
	at java.util.concurrent.ThreadPoolExecutor$Worker.run(ThreadPoolExecutor.java:617)
	at java.lang.Thread.run(Thread.java:745)
</pre></div></td>
<td>0</td>
<td>null</td></tr>
</table><p>
</body>
</html>