<?xml version="1.0" encoding="UTF-8"?>
<!-- Generated by org.testng.reporters.JUnitXMLReporter -->
<testsuite hostname="EPBYMINW1580" name="CalculatorTest" tests="31" failures="3" timestamp="22 Jan 2017 10:41:08 GMT" time="16.041" errors="0">
  <testcase name="testDivisionByZero" time="0.001" classname="com.epam.atm.testng.tests.CalculatorTest"/>
  <testcase name="testDivision" time="0.002" classname="com.epam.atm.testng.tests.CalculatorTest"/>
  <testcase name="testDivisionWithZero" time="0.0" classname="com.epam.atm.testng.tests.CalculatorTest"/>
  <testcase name="testIsNegative" time="0.0" classname="com.epam.atm.testng.tests.CalculatorTest"/>
  <testcase name="testIsPositive" time="0.0" classname="com.epam.atm.testng.tests.CalculatorTest"/>
  <testcase name="testMultiply" time="0.001" classname="com.epam.atm.testng.tests.CalculatorTest">
    <failure type="java.lang.AssertionError" message="expected [1.68] but found [1.0]">
      <![CDATA[java.lang.AssertionError: expected [1.68] but found [1.0]
	at com.epam.atm.testng.tests.CalculatorTest.testMultiply(CalculatorTest.java:95)
	at java.util.concurrent.ThreadPoolExecutor.runWorker(ThreadPoolExecutor.java:1142)
	at java.util.concurrent.ThreadPoolExecutor$Worker.run(ThreadPoolExecutor.java:617)
	at java.lang.Thread.run(Thread.java:745)
... Removed 14 stack frames]]>
    </failure>
  </testcase> <!-- testMultiply -->
  <testcase name="testMultiplyByZero" time="0.0" classname="com.epam.atm.testng.tests.CalculatorTest"/>
  <testcase name="testMultiplyWithZero" time="0.0" classname="com.epam.atm.testng.tests.CalculatorTest"/>
  <testcase name="testSQRT" time="0.0" classname="com.epam.atm.testng.tests.CalculatorTest"/>
  <testcase name="testPOW" time="0.0" classname="com.epam.atm.testng.tests.CalculatorTest"/>
  <testcase name="testSQRTZero" time="0.0" classname="com.epam.atm.testng.tests.CalculatorTest"/>
  <testcase name="testSubtraction" time="0.001" classname="com.epam.atm.testng.tests.CalculatorTest"/>
  <testcase name="testSubtractionWithZero" time="0.0" classname="com.epam.atm.testng.tests.CalculatorTest"/>
  <testcase name="testSum" time="0.0" classname="com.epam.atm.testng.tests.CalculatorTest"/>
  <testcase name="testSumWithZero" time="0.0" classname="com.epam.atm.testng.tests.CalculatorTest"/>
  <testcase name="testSum" time="0.0" classname="com.epam.atm.testng.tests.CalculatorTest">
    <failure type="java.lang.AssertionError" message="expected [3.8] but found [3.8000000000000003]">
      <![CDATA[java.lang.AssertionError: expected [3.8] but found [3.8000000000000003]
	at com.epam.atm.testng.tests.CalculatorTest.testSum(CalculatorTest.java:36)
	at java.util.concurrent.ThreadPoolExecutor.runWorker(ThreadPoolExecutor.java:1142)
	at java.util.concurrent.ThreadPoolExecutor$Worker.run(ThreadPoolExecutor.java:617)
	at java.lang.Thread.run(Thread.java:745)
... Removed 14 stack frames]]>
    </failure>
  </testcase> <!-- testSum -->
  <testcase name="testZeroPOW" time="0.0" classname="com.epam.atm.testng.tests.CalculatorTest"/>
  <testcase name="testSum" time="0.0" classname="com.epam.atm.testng.tests.CalculatorTest"/>
  <testcase name="testZeroValuePOW" time="0.0" classname="com.epam.atm.testng.tests.CalculatorTest"/>
  <testcase name="testSum" time="0.0" classname="com.epam.atm.testng.tests.CalculatorTest"/>
  <testcase name="testSum" time="0.0" classname="com.epam.atm.testng.tests.CalculatorTest">
    <failure type="java.lang.AssertionError" message="expected [0.76] but found [0.7599999999999999]">
      <![CDATA[java.lang.AssertionError: expected [0.76] but found [0.7599999999999999]
	at com.epam.atm.testng.tests.CalculatorTest.testSum(CalculatorTest.java:36)
	at java.util.concurrent.ThreadPoolExecutor.runWorker(ThreadPoolExecutor.java:1142)
	at java.util.concurrent.ThreadPoolExecutor$Worker.run(ThreadPoolExecutor.java:617)
	at java.lang.Thread.run(Thread.java:745)
... Removed 14 stack frames]]>
    </failure>
  </testcase> <!-- testSum -->
  <testcase name="testSum" time="0.0" classname="com.epam.atm.testng.tests.CalculatorTest"/>
  <testcase name="testSum" time="0.0" classname="com.epam.atm.testng.tests.CalculatorTest"/>
  <testcase name="testSum" time="0.0" classname="com.epam.atm.testng.tests.CalculatorTest"/>
  <testcase name="testSum" time="0.0" classname="com.epam.atm.testng.tests.CalculatorTest"/>
  <testcase name="testSum" time="0.0" classname="com.epam.atm.testng.tests.CalculatorTest"/>
  <testcase name="testIsNotNegative" time="0.0" classname="com.epam.atm.testng.tests.CalculatorTest">
    <skipped/>
  </testcase> <!-- testIsNotNegative -->
  <testcase name="testBothZeroPOW" time="0.0" classname="com.epam.atm.testng.tests.CalculatorTest">
    <skipped/>
  </testcase> <!-- testBothZeroPOW -->
  <testcase name="testIsNotPositive" time="0.0" classname="com.epam.atm.testng.tests.CalculatorTest">
    <skipped/>
  </testcase> <!-- testIsNotPositive -->
  <testcase name="testZeroIsNotNegative" time="0.0" classname="com.epam.atm.testng.tests.CalculatorTest">
    <skipped/>
  </testcase> <!-- testZeroIsNotNegative -->
  <testcase name="testZeroIsNotPositive" time="0.0" classname="com.epam.atm.testng.tests.CalculatorTest">
    <skipped/>
  </testcase> <!-- testZeroIsNotPositive -->
</testsuite> <!-- CalculatorTest -->
